# JRE version: OpenJDK Runtime Environment (22.0.1+8) (build 22.0.1+8-16)
# Java VM: OpenJDK 64-Bit Server VM (22.0.1+8-16, mixed mode, sharing, tiered, compressed oops, compressed class ptrs, g1 gc, windows-amd64)
GC Precious Log:
 CardTable entry size: 512
 Card Set container configuration: InlinePtr #cards 4 size 8 Array Of Cards #cards 16 size 48 Howl #buckets 8 coarsen threshold 3686 Howl Bitmap #cards 512 size 80 coarsen threshold 460 Card regions per heap region 1 cards per card region 4096
 CPUs: 12 total, 12 available
 Memory: 16021M
 Large Page Support: Disabled
 NUMA Support: Disabled
 Compressed Oops: Enabled (Zero based)
 Heap Region Size: 2M
 Heap Min Capacity: 8M
 Heap Initial Capacity: 252M
 Heap Max Capacity: 4006M
 Pre-touch: Disabled
 Parallel Workers: 10
 Concurrent Workers: 3
 Concurrent Refinement Workers: 10
 Periodic GC: Disabled
Heap:
 garbage-first heap   total reserved 4102144K, committed 55296K, used 16314K [0x0000000705a00000, 0x0000000800000000)
  region size 2048K, 5 young (10240K), 3 survivors (6144K)
 Metaspace       used 21939K, committed 22336K, reserved 1114112K
  class space    used 3023K, committed 3200K, reserved 1048576K
GC Heap History (14 events):
Event: 0.583 GC heap before
{Heap before GC invocations=0 (full 0):
 garbage-first heap   total reserved 4102144K, committed 258048K, used 22528K [0x0000000705a00000, 0x0000000800000000)
  region size 2048K, 12 young (24576K), 0 survivors (0K)
 Metaspace       used 3587K, committed 3840K, reserved 1114112K
  class space    used 385K, committed 512K, reserved 1048576K
}
Event: 0.586 GC heap after
{Heap after GC invocations=1 (full 0):
 garbage-first heap   total reserved 4102144K, committed 258048K, used 2367K [0x0000000705a00000, 0x0000000800000000)
  region size 2048K, 2 young (4096K), 2 survivors (4096K)
 Metaspace       used 3587K, committed 3840K, reserved 1114112K
  class space    used 385K, committed 512K, reserved 1048576K
}
Event: 1.273 GC heap before
{Heap before GC invocations=1 (full 0):
 garbage-first heap   total reserved 4102144K, committed 258048K, used 51519K [0x0000000705a00000, 0x0000000800000000)
  region size 2048K, 25 young (51200K), 2 survivors (4096K)
 Metaspace       used 14405K, committed 14656K, reserved 1114112K
  class space    used 2200K, committed 2304K, reserved 1048576K
}
Event: 1.279 GC heap after
{Heap after GC invocations=2 (full 0):
 garbage-first heap   total reserved 4102144K, committed 258048K, used 12207K [0x0000000705a00000, 0x0000000800000000)
  region size 2048K, 4 young (8192K), 4 survivors (8192K)
 Metaspace       used 14405K, committed 14656K, reserved 1114112K
  class space    used 2200K, committed 2304K, reserved 1048576K
}
Event: 28.086 GC heap before
{Heap before GC invocations=2 (full 0):
 garbage-first heap   total reserved 4102144K, committed 258048K, used 157615K [0x0000000705a00000, 0x0000000800000000)
  region size 2048K, 75 young (153600K), 4 survivors (8192K)
 Metaspace       used 18862K, committed 19200K, reserved 1114112K
  class space    used 2730K, committed 2880K, reserved 1048576K
}
Event: 28.094 GC heap after
{Heap after GC invocations=3 (full 0):
 garbage-first heap   total reserved 4102144K, committed 258048K, used 15820K [0x0000000705a00000, 0x0000000800000000)
  region size 2048K, 7 young (14336K), 7 survivors (14336K)
 Metaspace       used 18862K, committed 19200K, reserved 1114112K
  class space    used 2730K, committed 2880K, reserved 1048576K
}
Event: 33.387 GC heap before
{Heap before GC invocations=3 (full 0):
 garbage-first heap   total reserved 4102144K, committed 258048K, used 155084K [0x0000000705a00000, 0x0000000800000000)
  region size 2048K, 75 young (153600K), 7 survivors (14336K)
 Metaspace       used 19112K, committed 19456K, reserved 1114112K
  class space    used 2733K, committed 2880K, reserved 1048576K
}
Event: 33.395 GC heap after
{Heap after GC invocations=4 (full 0):
 garbage-first heap   total reserved 4102144K, committed 258048K, used 15717K [0x0000000705a00000, 0x0000000800000000)
  region size 2048K, 3 young (6144K), 3 survivors (6144K)
 Metaspace       used 19112K, committed 19456K, reserved 1114112K
  class space    used 2733K, committed 2880K, reserved 1048576K
}
Event: 39.644 GC heap before
{Heap before GC invocations=4 (full 0):
 garbage-first heap   total reserved 4102144K, committed 258048K, used 165221K [0x0000000705a00000, 0x0000000800000000)
  region size 2048K, 75 young (153600K), 3 survivors (6144K)
 Metaspace       used 19744K, committed 20096K, reserved 1114112K
  class space    used 2792K, committed 2944K, reserved 1048576K
}
Event: 39.646 GC heap after
{Heap after GC invocations=5 (full 0):
 garbage-first heap   total reserved 4102144K, committed 258048K, used 15725K [0x0000000705a00000, 0x0000000800000000)
  region size 2048K, 3 young (6144K), 3 survivors (6144K)
 Metaspace       used 19744K, committed 20096K, reserved 1114112K
  class space    used 2792K, committed 2944K, reserved 1048576K
}
Event: 45.886 GC heap before
{Heap before GC invocations=5 (full 0):
 garbage-first heap   total reserved 4102144K, committed 258048K, used 163181K [0x0000000705a00000, 0x0000000800000000)
  region size 2048K, 75 young (153600K), 3 survivors (6144K)
 Metaspace       used 19887K, committed 20288K, reserved 1114112K
  class space    used 2792K, committed 2944K, reserved 1048576K
}
Event: 45.890 GC heap after
{Heap after GC invocations=6 (full 0):
 garbage-first heap   total reserved 4102144K, committed 258048K, used 18111K [0x0000000705a00000, 0x0000000800000000)
  region size 2048K, 4 young (8192K), 4 survivors (8192K)
 Metaspace       used 19887K, committed 20288K, reserved 1114112K
  class space    used 2792K, committed 2944K, reserved 1048576K
}
Event: 60.655 GC heap before
{Heap before GC invocations=6 (full 0):
 garbage-first heap   total reserved 4102144K, committed 258048K, used 75455K [0x0000000705a00000, 0x0000000800000000)
  region size 2048K, 33 young (67584K), 4 survivors (8192K)
 Metaspace       used 21149K, committed 21504K, reserved 1114112K
  class space    used 2946K, committed 3136K, reserved 1048576K
}
Event: 60.659 GC heap after
{Heap after GC invocations=7 (full 0):
 garbage-first heap   total reserved 4102144K, committed 258048K, used 14266K [0x0000000705a00000, 0x0000000800000000)
  region size 2048K, 3 young (6144K), 3 survivors (6144K)
 Metaspace       used 21149K, committed 21504K, reserved 1114112K
  class space    used 2946K, committed 3136K, reserved 1048576K
}

